<?xml version="1.0" encoding="UTF-8"?>
<!-- Generated by org.testng.reporters.JUnitReportReporter -->
<testsuite hostname="LAPTOP-R92NJ77V" failures="0" tests="1" name="QspidersTest.CheckBoxTest" time="14.541" errors="0" timestamp="2025-02-19T09:22:14 IST" skipped="0">
  <testcase classname="QspidersTest.CheckBoxTest" name="dropdownclickandChoose" time="14.541"/>
</testsuite> <!-- QspidersTest.CheckBoxTest -->
