<?xml version="1.0" encoding="UTF-8"?>
<!-- Generated by org.testng.reporters.JUnitReportReporter -->
<testsuite hostname="LAPTOP-R92NJ77V" failures="0" tests="1" name="com.demo.qaTest.LoginTest" time="7.026" errors="0" timestamp="2025-02-15T17:45:26 IST" skipped="0">
  <testcase classname="com.demo.qaTest.LoginTest" name="login" time="7.026"/>
</testsuite> <!-- com.demo.qaTest.LoginTest -->
