<?xml version="1.0" encoding="UTF-8"?>
<!-- Generated by org.testng.reporters.JUnitReportReporter -->
<testsuite hostname="LAPTOP-R92NJ77V" failures="0" tests="1" name="com.demo.qaTest.AddToCartPageTest" time="40.700" errors="0" timestamp="2025-02-23T14:08:12 IST" skipped="0">
  <testcase classname="com.demo.qaTest.AddToCartPageTest" name="ClickonProduct" time="40.700"/>
</testsuite> <!-- com.demo.qaTest.AddToCartPageTest -->
