<?xml version="1.0" encoding="UTF-8"?>
<!-- Generated by org.testng.reporters.JUnitReportReporter -->
<testsuite hostname="LAPTOP-R92NJ77V" failures="0" tests="1" name="com.demo.qaTest.HomePageTest" time="16.625" errors="0" timestamp="2025-02-15T19:29:10 IST" skipped="0">
  <testcase classname="com.demo.qaTest.HomePageTest" name="ClickonProduct" time="16.625"/>
</testsuite> <!-- com.demo.qaTest.HomePageTest -->
